<?xml version="1.0" encoding="UTF-8"?>
<!-- Generated by org.testng.reporters.JUnitXMLReporter -->
<testsuite ignored="0" hostname="DESKTOP-8K42TF8" failures="0" tests="4" name="Default test" time="14.776" errors="0" timestamp="30 Jul 2024 02:55:18 GMT">
  <testcase classname="api.test.UserTest1" name="testPostUer" time="7.141"/>
  <testcase classname="api.test.UserTest1" name="testGetUserByName" time="1.681"/>
  <testcase classname="api.test.UserTest1" name="testUpdateUserByName" time="3.505"/>
  <testcase classname="api.test.UserTest1" name="testDeleteUser" time="1.633"/>
</testsuite> <!-- Default test -->
