<?xml version="1.0" encoding="UTF-8"?>
<!-- Generated by org.testng.reporters.JUnitXMLReporter -->
<testsuite ignored="0" hostname="DESKTOP-8K42TF8" failures="0" tests="4" name="Test" time="16.511" errors="0" timestamp="28 Jul 2024 07:21:18 GMT">
  <testcase classname="api.test.UserTest" name="testPostUer" time="7.597"/>
  <testcase classname="api.test.UserTest" name="testGetUserByName" time="1.824"/>
  <testcase classname="api.test.UserTest" name="testUpdateUserByName" time="3.379"/>
  <testcase classname="api.test.UserTest" name="testDeleteUser" time="1.659"/>
</testsuite> <!-- Test -->
