<?xml version="1.0" encoding="UTF-8"?>
<testng-results ignored="0" total="4" passed="4" failed="0" skipped="0">
  <reporter-output>
  </reporter-output>
  <suite started-at="2024-07-30T03:50:09Z" name="API Validation" finished-at="2024-07-30T03:50:23Z" duration-ms="14193">
    <groups>
    </groups>
    <test started-at="2024-07-30T03:50:09Z" name="Test" finished-at="2024-07-30T03:50:23Z" duration-ms="14193">
      <class name="api.test.UserTest">
        <test-method is-config="true" signature="setUpData()[pri:0, instance:api.test.UserTest@1ca3b418]" started-at="2024-07-30T03:50:09Z" name="setUpData" finished-at="2024-07-30T03:50:10Z" duration-ms="580" status="PASS">
          <reporter-output>
          </reporter-output>
        </test-method> <!-- setUpData -->
        <test-method signature="testPostUer()[pri:1, instance:api.test.UserTest@1ca3b418]" started-at="2024-07-30T03:50:10Z" name="testPostUer" finished-at="2024-07-30T03:50:16Z" duration-ms="6314" status="PASS">
          <reporter-output>
          </reporter-output>
        </test-method> <!-- testPostUer -->
        <test-method signature="testGetUserByName()[pri:2, instance:api.test.UserTest@1ca3b418]" started-at="2024-07-30T03:50:16Z" name="testGetUserByName" finished-at="2024-07-30T03:50:18Z" duration-ms="1680" status="PASS">
          <reporter-output>
          </reporter-output>
        </test-method> <!-- testGetUserByName -->
        <test-method signature="testUpdateUserByName()[pri:3, instance:api.test.UserTest@1ca3b418]" started-at="2024-07-30T03:50:18Z" name="testUpdateUserByName" finished-at="2024-07-30T03:50:21Z" duration-ms="3356" status="PASS">
          <reporter-output>
          </reporter-output>
        </test-method> <!-- testUpdateUserByName -->
        <test-method signature="testDeleteUser()[pri:4, instance:api.test.UserTest@1ca3b418]" started-at="2024-07-30T03:50:21Z" name="testDeleteUser" finished-at="2024-07-30T03:50:23Z" duration-ms="1528" status="PASS">
          <reporter-output>
          </reporter-output>
        </test-method> <!-- testDeleteUser -->
      </class> <!-- api.test.UserTest -->
    </test> <!-- Test -->
  </suite> <!-- API Validation -->
</testng-results>
