<?xml version="1.0" encoding="UTF-8"?>
<testng-results ignored="0" total="4" passed="4" failed="0" skipped="0">
  <reporter-output>
  </reporter-output>
  <suite started-at="2024-07-30T02:55:03Z" name="Default suite" finished-at="2024-07-30T02:55:18Z" duration-ms="14776">
    <groups>
    </groups>
    <test started-at="2024-07-30T02:55:03Z" name="Default test" finished-at="2024-07-30T02:55:18Z" duration-ms="14776">
      <class name="api.test.UserTest1">
        <test-method is-config="true" signature="setUpData()[pri:0, instance:api.test.UserTest1@338fc1d8]" started-at="2024-07-30T02:55:03Z" name="setUpData" finished-at="2024-07-30T02:55:04Z" duration-ms="726" status="PASS">
          <reporter-output>
          </reporter-output>
        </test-method> <!-- setUpData -->
        <test-method signature="testPostUer()[pri:1, instance:api.test.UserTest1@338fc1d8]" started-at="2024-07-30T02:55:04Z" name="testPostUer" finished-at="2024-07-30T02:55:11Z" duration-ms="7141" status="PASS">
          <reporter-output>
          </reporter-output>
        </test-method> <!-- testPostUer -->
        <test-method signature="testGetUserByName()[pri:2, instance:api.test.UserTest1@338fc1d8]" started-at="2024-07-30T02:55:11Z" name="testGetUserByName" finished-at="2024-07-30T02:55:13Z" duration-ms="1681" status="PASS">
          <reporter-output>
          </reporter-output>
        </test-method> <!-- testGetUserByName -->
        <test-method signature="testUpdateUserByName()[pri:3, instance:api.test.UserTest1@338fc1d8]" started-at="2024-07-30T02:55:13Z" name="testUpdateUserByName" finished-at="2024-07-30T02:55:16Z" duration-ms="3505" status="PASS">
          <reporter-output>
          </reporter-output>
        </test-method> <!-- testUpdateUserByName -->
        <test-method signature="testDeleteUser()[pri:4, instance:api.test.UserTest1@338fc1d8]" started-at="2024-07-30T02:55:16Z" name="testDeleteUser" finished-at="2024-07-30T02:55:18Z" duration-ms="1633" status="PASS">
          <reporter-output>
          </reporter-output>
        </test-method> <!-- testDeleteUser -->
      </class> <!-- api.test.UserTest1 -->
    </test> <!-- Default test -->
  </suite> <!-- Default suite -->
</testng-results>
