<?xml version="1.0" encoding="UTF-8"?>
<!-- Generated by org.testng.reporters.JUnitXMLReporter -->
<testsuite ignored="0" hostname="DESKTOP-8K42TF8" failures="0" tests="4" name="Test" time="14.193" errors="0" timestamp="30 Jul 2024 03:50:23 GMT">
  <testcase classname="api.test.UserTest" name="testPostUer" time="6.314"/>
  <testcase classname="api.test.UserTest" name="testGetUserByName" time="1.68"/>
  <testcase classname="api.test.UserTest" name="testUpdateUserByName" time="3.356"/>
  <testcase classname="api.test.UserTest" name="testDeleteUser" time="1.528"/>
</testsuite> <!-- Test -->
